{"/Users/kevinprendergast/dev/playground/src/App.vue": {"path":"/Users/kevinprendergast/dev/playground/src/App.vue","statementMap":{"0":{"start":{"line":8,"column":0},"end":{"line":8,"column":null}}},"fnMap":{},"branchMap":{},"s":{"0":0},"f":{},"b":{}}
,"/Users/kevinprendergast/dev/playground/src/components/ScrollingDateComponent.vue": {"path":"/Users/kevinprendergast/dev/playground/src/components/ScrollingDateComponent.vue","statementMap":{"0":{"start":{"line":18,"column":0},"end":{"line":18,"column":null}},"1":{"start":{"line":19,"column":0},"end":{"line":19,"column":null}},"2":{"start":{"line":20,"column":0},"end":{"line":20,"column":null}},"3":{"start":{"line":28,"column":0},"end":{"line":28,"column":null}},"4":{"start":{"line":98,"column":0},"end":{"line":98,"column":null}},"5":{"start":{"line":99,"column":0},"end":{"line":99,"column":null}},"6":{"start":{"line":102,"column":0},"end":{"line":102,"column":null}},"7":{"start":{"line":107,"column":0},"end":{"line":107,"column":null}},"8":{"start":{"line":112,"column":0},"end":{"line":112,"column":null}},"9":{"start":{"line":115,"column":0},"end":{"line":115,"column":null}},"10":{"start":{"line":118,"column":0},"end":{"line":118,"column":null}},"11":{"start":{"line":120,"column":0},"end":{"line":126,"column":null}},"12":{"start":{"line":121,"column":0},"end":{"line":121,"column":null}},"13":{"start":{"line":122,"column":0},"end":{"line":126,"column":null}},"14":{"start":{"line":123,"column":0},"end":{"line":123,"column":null}},"15":{"start":{"line":125,"column":0},"end":{"line":125,"column":null}},"16":{"start":{"line":129,"column":0},"end":{"line":135,"column":null}},"17":{"start":{"line":130,"column":0},"end":{"line":130,"column":null}},"18":{"start":{"line":131,"column":0},"end":{"line":131,"column":null}},"19":{"start":{"line":132,"column":0},"end":{"line":132,"column":null}},"20":{"start":{"line":134,"column":0},"end":{"line":134,"column":null}}},"fnMap":{"0":{"name":"(anonymous_1)","decl":{"start":{"line":27,"column":0},"end":{"line":27,"column":null}},"loc":{"start":{"line":27,"column":0},"end":{"line":95,"column":null}}},"1":{"name":"(anonymous_2)","decl":{"start":{"line":97,"column":0},"end":{"line":97,"column":null}},"loc":{"start":{"line":97,"column":0},"end":{"line":100,"column":null}}},"2":{"name":"(anonymous_3)","decl":{"start":{"line":101,"column":0},"end":{"line":101,"column":null}},"loc":{"start":{"line":101,"column":0},"end":{"line":108,"column":null}}},"3":{"name":"(anonymous_4)","decl":{"start":{"line":102,"column":0},"end":{"line":102,"column":null}},"loc":{"start":{"line":102,"column":0},"end":{"line":102,"column":null}}},"4":{"name":"(anonymous_6)","decl":{"start":{"line":111,"column":0},"end":{"line":111,"column":null}},"loc":{"start":{"line":111,"column":0},"end":{"line":127,"column":null}}},"5":{"name":"(anonymous_7)","decl":{"start":{"line":128,"column":0},"end":{"line":128,"column":null}},"loc":{"start":{"line":128,"column":0},"end":{"line":136,"column":null}}}},"branchMap":{"0":{"loc":{"start":{"line":120,"column":0},"end":{"line":126,"column":null}},"type":"if","locations":[{"start":{"line":120,"column":0},"end":{"line":126,"column":null}},{"start":{"line":120,"column":0},"end":{"line":126,"column":null}}]},"1":{"loc":{"start":{"line":122,"column":0},"end":{"line":126,"column":null}},"type":"if","locations":[{"start":{"line":122,"column":0},"end":{"line":126,"column":null}},{"start":{"line":122,"column":0},"end":{"line":126,"column":null}}]},"2":{"loc":{"start":{"line":129,"column":0},"end":{"line":135,"column":null}},"type":"if","locations":[{"start":{"line":129,"column":0},"end":{"line":135,"column":null}},{"start":{"line":129,"column":0},"end":{"line":135,"column":null}}]}},"s":{"0":1,"1":1,"2":1,"3":1,"4":0,"5":0,"6":1,"7":1,"8":0,"9":0,"10":0,"11":0,"12":0,"13":0,"14":0,"15":0,"16":0,"17":0,"18":0,"19":0,"20":0},"f":{"0":1,"1":0,"2":1,"3":0,"4":0,"5":0},"b":{"0":[0,0],"1":[0,0],"2":[0,0]}}
}
