TN:
SF:/Users/kevinprendergast/dev/playground/src/App.vue
FNF:0
FNH:0
DA:8,0
LF:1
LH:0
BRF:0
BRH:0
end_of_record
TN:
SF:/Users/kevinprendergast/dev/playground/src/components/ScrollingDateComponent.vue
FN:27,(anonymous_1)
FN:97,(anonymous_2)
FN:101,(anonymous_3)
FN:102,(anonymous_4)
FN:111,(anonymous_6)
FN:128,(anonymous_7)
FNF:6
FNH:2
FNDA:1,(anonymous_1)
FNDA:0,(anonymous_2)
FNDA:1,(anonymous_3)
FNDA:0,(anonymous_4)
FNDA:0,(anonymous_6)
FNDA:0,(anonymous_7)
DA:18,1
DA:19,1
DA:20,1
DA:28,1
DA:98,0
DA:99,0
DA:102,1
DA:107,1
DA:112,0
DA:115,0
DA:118,0
DA:120,0
DA:121,0
DA:122,0
DA:123,0
DA:125,0
DA:129,0
DA:130,0
DA:131,0
DA:132,0
DA:134,0
LF:21
LH:6
BRDA:120,0,0,0
BRDA:120,0,1,0
BRDA:122,1,0,0
BRDA:122,1,1,0
BRDA:129,2,0,0
BRDA:129,2,1,0
BRF:6
BRH:0
end_of_record
